<?xml version="1.0" encoding="UTF-8"?>
<!-- Generated by org.testng.reporters.JUnitReportReporter -->
<testsuite skipped="0" hostname="DESKTOP-0L5EI1T" name="com.crm.qa.testcases.LoginPageTest" tests="1" failures="0" timestamp="05 May 2019 17:17:04 GMT" time="45.882" errors="0">
  <testcase name="loginPageTitleTest" time="45.882" classname="com.crm.qa.testcases.LoginPageTest"/>
</testsuite> <!-- com.crm.qa.testcases.LoginPageTest -->
